{"C:\\Users\\Isaqu\\sorteio\\src\\config\\index.js": {"path":"C:\\Users\\Isaqu\\sorteio\\src\\config\\index.js","statementMap":{"0":{"start":{"line":5,"column":0},"end":{"line":5,"column":27}},"1":{"start":{"line":8,"column":24},"end":{"line":11,"column":1}},"2":{"start":{"line":13,"column":20},"end":{"line":13,"column":64}},"3":{"start":{"line":13,"column":48},"end":{"line":13,"column":63}},"4":{"start":{"line":14,"column":0},"end":{"line":18,"column":1}},"5":{"start":{"line":15,"column":4},"end":{"line":15,"column":74}},"6":{"start":{"line":16,"column":4},"end":{"line":16,"column":57}},"7":{"start":{"line":16,"column":29},"end":{"line":16,"column":55}},"8":{"start":{"line":17,"column":4},"end":{"line":17,"column":20}},"9":{"start":{"line":20,"column":0},"end":{"line":51,"column":2}}},"fnMap":{"0":{"name":"(anonymous_0)","decl":{"start":{"line":13,"column":43},"end":{"line":13,"column":44}},"loc":{"start":{"line":13,"column":48},"end":{"line":13,"column":63}},"line":13},"1":{"name":"(anonymous_1)","decl":{"start":{"line":16,"column":24},"end":{"line":16,"column":25}},"loc":{"start":{"line":16,"column":29},"end":{"line":16,"column":55}},"line":16}},"branchMap":{"0":{"loc":{"start":{"line":14,"column":0},"end":{"line":18,"column":1}},"type":"if","locations":[{"start":{"line":14,"column":0},"end":{"line":18,"column":1}},{"start":{},"end":{}}],"line":14},"1":{"loc":{"start":{"line":22,"column":10},"end":{"line":22,"column":48}},"type":"binary-expr","locations":[{"start":{"line":22,"column":10},"end":{"line":22,"column":40}},{"start":{"line":22,"column":44},"end":{"line":22,"column":48}}],"line":22},"2":{"loc":{"start":{"line":23,"column":14},"end":{"line":23,"column":51}},"type":"binary-expr","locations":[{"start":{"line":23,"column":14},"end":{"line":23,"column":34}},{"start":{"line":23,"column":38},"end":{"line":23,"column":51}}],"line":23},"3":{"loc":{"start":{"line":39,"column":17},"end":{"line":39,"column":72}},"type":"binary-expr","locations":[{"start":{"line":39,"column":17},"end":{"line":39,"column":40}},{"start":{"line":39,"column":44},"end":{"line":39,"column":72}}],"line":39},"4":{"loc":{"start":{"line":46,"column":25},"end":{"line":46,"column":92}},"type":"binary-expr","locations":[{"start":{"line":46,"column":25},"end":{"line":46,"column":58}},{"start":{"line":46,"column":62},"end":{"line":46,"column":92}}],"line":46}},"s":{"0":2,"1":2,"2":2,"3":4,"4":2,"5":0,"6":0,"7":0,"8":0,"9":2},"f":{"0":4,"1":0},"b":{"0":[0,2],"1":[2,0],"2":[2,0],"3":[2,2],"4":[2,0]},"_coverageSchema":"1a1c01bbd47fc00a2c39e90264f33305004495a9","hash":"cd11d21e4d71d341ce60c2e15d9d2407c27a7c23"}
,"C:\\Users\\Isaqu\\sorteio\\src\\middleware\\errorHandler.js": {"path":"C:\\Users\\Isaqu\\sorteio\\src\\middleware\\errorHandler.js","statementMap":{"0":{"start":{"line":13,"column":8},"end":{"line":13,"column":23}},"1":{"start":{"line":14,"column":8},"end":{"line":14,"column":37}},"2":{"start":{"line":15,"column":8},"end":{"line":15,"column":43}},"3":{"start":{"line":16,"column":8},"end":{"line":16,"column":50}},"4":{"start":{"line":18,"column":8},"end":{"line":18,"column":56}},"5":{"start":{"line":25,"column":19},"end":{"line":33,"column":1}},"6":{"start":{"line":26,"column":29},"end":{"line":26,"column":55}},"7":{"start":{"line":27,"column":29},"end":{"line":27,"column":76}},"8":{"start":{"line":28,"column":50},"end":{"line":28,"column":76}},"9":{"start":{"line":29,"column":46},"end":{"line":29,"column":72}},"10":{"start":{"line":30,"column":27},"end":{"line":30,"column":53}},"11":{"start":{"line":31,"column":22},"end":{"line":31,"column":86}},"12":{"start":{"line":32,"column":56},"end":{"line":32,"column":89}},"13":{"start":{"line":38,"column":20},"end":{"line":61,"column":1}},"14":{"start":{"line":39,"column":40},"end":{"line":43,"column":5}},"15":{"start":{"line":45,"column":39},"end":{"line":49,"column":5}},"16":{"start":{"line":51,"column":46},"end":{"line":60,"column":5}},"17":{"start":{"line":68,"column":4},"end":{"line":68,"column":43}},"18":{"start":{"line":69,"column":4},"end":{"line":69,"column":84}},"19":{"start":{"line":72,"column":4},"end":{"line":84,"column":5}},"20":{"start":{"line":74,"column":8},"end":{"line":74,"column":78}},"21":{"start":{"line":77,"column":8},"end":{"line":83,"column":11}},"22":{"start":{"line":87,"column":4},"end":{"line":92,"column":6}},"23":{"start":{"line":99,"column":4},"end":{"line":101,"column":6}},"24":{"start":{"line":100,"column":8},"end":{"line":100,"column":56}},"25":{"start":{"line":108,"column":4},"end":{"line":108,"column":39}},"26":{"start":{"line":111,"column":0},"end":{"line":118,"column":2}}},"fnMap":{"0":{"name":"(anonymous_0)","decl":{"start":{"line":12,"column":4},"end":{"line":12,"column":5}},"loc":{"start":{"line":12,"column":65},"end":{"line":19,"column":5}},"line":12},"1":{"name":"(anonymous_1)","decl":{"start":{"line":26,"column":16},"end":{"line":26,"column":17}},"loc":{"start":{"line":26,"column":29},"end":{"line":26,"column":55}},"line":26},"2":{"name":"(anonymous_2)","decl":{"start":{"line":27,"column":15},"end":{"line":27,"column":16}},"loc":{"start":{"line":27,"column":29},"end":{"line":27,"column":76}},"line":27},"3":{"name":"(anonymous_3)","decl":{"start":{"line":28,"column":18},"end":{"line":28,"column":19}},"loc":{"start":{"line":28,"column":50},"end":{"line":28,"column":76}},"line":28},"4":{"name":"(anonymous_4)","decl":{"start":{"line":29,"column":15},"end":{"line":29,"column":16}},"loc":{"start":{"line":29,"column":46},"end":{"line":29,"column":72}},"line":29},"5":{"name":"(anonymous_5)","decl":{"start":{"line":30,"column":14},"end":{"line":30,"column":15}},"loc":{"start":{"line":30,"column":27},"end":{"line":30,"column":53}},"line":30},"6":{"name":"(anonymous_6)","decl":{"start":{"line":31,"column":16},"end":{"line":31,"column":17}},"loc":{"start":{"line":31,"column":22},"end":{"line":31,"column":86}},"line":31},"7":{"name":"(anonymous_7)","decl":{"start":{"line":32,"column":14},"end":{"line":32,"column":15}},"loc":{"start":{"line":32,"column":56},"end":{"line":32,"column":89}},"line":32},"8":{"name":"(anonymous_8)","decl":{"start":{"line":39,"column":13},"end":{"line":39,"column":14}},"loc":{"start":{"line":39,"column":40},"end":{"line":43,"column":5}},"line":39},"9":{"name":"(anonymous_9)","decl":{"start":{"line":45,"column":11},"end":{"line":45,"column":12}},"loc":{"start":{"line":45,"column":39},"end":{"line":49,"column":5}},"line":45},"10":{"name":"(anonymous_10)","decl":{"start":{"line":51,"column":15},"end":{"line":51,"column":16}},"loc":{"start":{"line":51,"column":46},"end":{"line":60,"column":5}},"line":51},"11":{"name":"errorHandler","decl":{"start":{"line":66,"column":9},"end":{"line":66,"column":21}},"loc":{"start":{"line":66,"column":43},"end":{"line":93,"column":1}},"line":66},"12":{"name":"asyncHandler","decl":{"start":{"line":98,"column":9},"end":{"line":98,"column":21}},"loc":{"start":{"line":98,"column":26},"end":{"line":102,"column":1}},"line":98},"13":{"name":"(anonymous_13)","decl":{"start":{"line":99,"column":11},"end":{"line":99,"column":12}},"loc":{"start":{"line":99,"column":31},"end":{"line":101,"column":5}},"line":99},"14":{"name":"notFoundHandler","decl":{"start":{"line":107,"column":9},"end":{"line":107,"column":24}},"loc":{"start":{"line":107,"column":41},"end":{"line":109,"column":1}},"line":107}},"branchMap":{"0":{"loc":{"start":{"line":12,"column":25},"end":{"line":12,"column":41}},"type":"default-arg","locations":[{"start":{"line":12,"column":38},"end":{"line":12,"column":41}}],"line":12},"1":{"loc":{"start":{"line":12,"column":43},"end":{"line":12,"column":63}},"type":"default-arg","locations":[{"start":{"line":12,"column":59},"end":{"line":12,"column":63}}],"line":12},"2":{"loc":{"start":{"line":28,"column":19},"end":{"line":28,"column":45}},"type":"default-arg","locations":[{"start":{"line":28,"column":29},"end":{"line":28,"column":45}}],"line":28},"3":{"loc":{"start":{"line":29,"column":16},"end":{"line":29,"column":41}},"type":"default-arg","locations":[{"start":{"line":29,"column":26},"end":{"line":29,"column":41}}],"line":29},"4":{"loc":{"start":{"line":32,"column":15},"end":{"line":32,"column":51}},"type":"default-arg","locations":[{"start":{"line":32,"column":25},"end":{"line":32,"column":51}}],"line":32},"5":{"loc":{"start":{"line":39,"column":20},"end":{"line":39,"column":34}},"type":"default-arg","locations":[{"start":{"line":39,"column":30},"end":{"line":39,"column":34}}],"line":39},"6":{"loc":{"start":{"line":42,"column":12},"end":{"line":42,"column":34}},"type":"binary-expr","locations":[{"start":{"line":42,"column":12},"end":{"line":42,"column":19}},{"start":{"line":42,"column":23},"end":{"line":42,"column":34}}],"line":42},"7":{"loc":{"start":{"line":45,"column":19},"end":{"line":45,"column":33}},"type":"default-arg","locations":[{"start":{"line":45,"column":29},"end":{"line":45,"column":33}}],"line":45},"8":{"loc":{"start":{"line":47,"column":15},"end":{"line":47,"column":64}},"type":"cond-expr","locations":[{"start":{"line":47,"column":43},"end":{"line":47,"column":48}},{"start":{"line":47,"column":51},"end":{"line":47,"column":64}}],"line":47},"9":{"loc":{"start":{"line":48,"column":12},"end":{"line":48,"column":34}},"type":"binary-expr","locations":[{"start":{"line":48,"column":12},"end":{"line":48,"column":19}},{"start":{"line":48,"column":23},"end":{"line":48,"column":34}}],"line":48},"10":{"loc":{"start":{"line":68,"column":21},"end":{"line":68,"column":42}},"type":"binary-expr","locations":[{"start":{"line":68,"column":21},"end":{"line":68,"column":35}},{"start":{"line":68,"column":39},"end":{"line":68,"column":42}}],"line":68},"11":{"loc":{"start":{"line":69,"column":24},"end":{"line":69,"column":83}},"type":"cond-expr","locations":[{"start":{"line":69,"column":58},"end":{"line":69,"column":75}},{"start":{"line":69,"column":78},"end":{"line":69,"column":83}}],"line":69},"12":{"loc":{"start":{"line":72,"column":4},"end":{"line":84,"column":5}},"type":"if","locations":[{"start":{"line":72,"column":4},"end":{"line":84,"column":5}},{"start":{"line":75,"column":11},"end":{"line":84,"column":5}}],"line":72},"13":{"loc":{"start":{"line":89,"column":12},"end":{"line":89,"column":74}},"type":"cond-expr","locations":[{"start":{"line":89,"column":32},"end":{"line":89,"column":43}},{"start":{"line":89,"column":46},"end":{"line":89,"column":74}}],"line":89},"14":{"loc":{"start":{"line":90,"column":12},"end":{"line":90,"column":73}},"type":"cond-expr","locations":[{"start":{"line":90,"column":52},"end":{"line":90,"column":61}},{"start":{"line":90,"column":64},"end":{"line":90,"column":73}}],"line":90}},"s":{"0":8,"1":8,"2":8,"3":8,"4":8,"5":1,"6":1,"7":1,"8":1,"9":0,"10":0,"11":1,"12":1,"13":1,"14":2,"15":2,"16":1,"17":0,"18":0,"19":0,"20":0,"21":0,"22":0,"23":0,"24":0,"25":0,"26":1},"f":{"0":8,"1":1,"2":1,"3":1,"4":0,"5":0,"6":1,"7":1,"8":2,"9":2,"10":1,"11":0,"12":0,"13":0,"14":0},"b":{"0":[1],"1":[6],"2":[1],"3":[0],"4":[1],"5":[1],"6":[2,1],"7":[1],"8":[2,0],"9":[2,1],"10":[0,0],"11":[0,0],"12":[0,0],"13":[0,0],"14":[0,0]},"_coverageSchema":"1a1c01bbd47fc00a2c39e90264f33305004495a9","hash":"acbced59bd474979c95fc7cb975f1fc770d18677"}
,"C:\\Users\\Isaqu\\sorteio\\src\\services\\AmigosService.js": {"path":"C:\\Users\\Isaqu\\sorteio\\src\\services\\AmigosService.js","statementMap":{"0":{"start":{"line":1,"column":29},"end":{"line":1,"column":54}},"1":{"start":{"line":6,"column":8},"end":{"line":9,"column":10}},"2":{"start":{"line":20,"column":8},"end":{"line":20,"column":57}},"3":{"start":{"line":21,"column":8},"end":{"line":21,"column":59}},"4":{"start":{"line":28,"column":20},"end":{"line":28,"column":30}},"5":{"start":{"line":29,"column":8},"end":{"line":31,"column":9}},"6":{"start":{"line":30,"column":12},"end":{"line":30,"column":44}},"7":{"start":{"line":33,"column":20},"end":{"line":38,"column":10}},"8":{"start":{"line":40,"column":25},"end":{"line":40,"column":36}},"9":{"start":{"line":43,"column":8},"end":{"line":50,"column":9}},"10":{"start":{"line":44,"column":12},"end":{"line":44,"column":48}},"11":{"start":{"line":45,"column":12},"end":{"line":45,"column":60}},"12":{"start":{"line":48,"column":12},"end":{"line":48,"column":44}},"13":{"start":{"line":49,"column":12},"end":{"line":49,"column":59}},"14":{"start":{"line":52,"column":8},"end":{"line":52,"column":24}},"15":{"start":{"line":59,"column":20},"end":{"line":63,"column":19}},"16":{"start":{"line":64,"column":8},"end":{"line":64,"column":35}},"17":{"start":{"line":75,"column":20},"end":{"line":80,"column":19}},"18":{"start":{"line":82,"column":8},"end":{"line":84,"column":9}},"19":{"start":{"line":83,"column":12},"end":{"line":83,"column":60}},"20":{"start":{"line":86,"column":26},"end":{"line":86,"column":37}},"21":{"start":{"line":87,"column":20},"end":{"line":87,"column":30}},"22":{"start":{"line":88,"column":27},"end":{"line":88,"column":61}},"23":{"start":{"line":90,"column":8},"end":{"line":92,"column":9}},"24":{"start":{"line":91,"column":12},"end":{"line":91,"column":65}},"25":{"start":{"line":94,"column":8},"end":{"line":94,"column":56}},"26":{"start":{"line":101,"column":20},"end":{"line":101,"column":30}},"27":{"start":{"line":102,"column":25},"end":{"line":102,"column":27}},"28":{"start":{"line":103,"column":22},"end":{"line":103,"column":75}},"29":{"start":{"line":104,"column":29},"end":{"line":104,"column":44}},"30":{"start":{"line":105,"column":8},"end":{"line":105,"column":57}},"31":{"start":{"line":106,"column":8},"end":{"line":106,"column":46}},"32":{"start":{"line":107,"column":30},"end":{"line":107,"column":92}},"33":{"start":{"line":108,"column":8},"end":{"line":108,"column":29}},"34":{"start":{"line":117,"column":8},"end":{"line":117,"column":91}},"35":{"start":{"line":118,"column":23},"end":{"line":118,"column":40}},"36":{"start":{"line":119,"column":8},"end":{"line":191,"column":9}},"37":{"start":{"line":120,"column":12},"end":{"line":120,"column":40}},"38":{"start":{"line":122,"column":28},"end":{"line":122,"column":104}},"39":{"start":{"line":123,"column":25},"end":{"line":123,"column":40}},"40":{"start":{"line":124,"column":12},"end":{"line":124,"column":140}},"41":{"start":{"line":126,"column":12},"end":{"line":126,"column":61}},"42":{"start":{"line":126,"column":23},"end":{"line":126,"column":61}},"43":{"start":{"line":128,"column":29},"end":{"line":128,"column":56}},"44":{"start":{"line":129,"column":27},"end":{"line":129,"column":52}},"45":{"start":{"line":130,"column":26},"end":{"line":130,"column":47}},"46":{"start":{"line":132,"column":12},"end":{"line":132,"column":91}},"47":{"start":{"line":135,"column":28},"end":{"line":135,"column":81}},"48":{"start":{"line":135,"column":68},"end":{"line":135,"column":80}},"49":{"start":{"line":138,"column":12},"end":{"line":141,"column":13}},"50":{"start":{"line":138,"column":25},"end":{"line":138,"column":43}},"51":{"start":{"line":139,"column":26},"end":{"line":139,"column":61}},"52":{"start":{"line":140,"column":16},"end":{"line":140,"column":68}},"53":{"start":{"line":143,"column":12},"end":{"line":143,"column":85}},"54":{"start":{"line":146,"column":30},"end":{"line":146,"column":34}},"55":{"start":{"line":147,"column":32},"end":{"line":147,"column":33}},"56":{"start":{"line":149,"column":33},"end":{"line":149,"column":56}},"57":{"start":{"line":150,"column":12},"end":{"line":150,"column":72}},"58":{"start":{"line":152,"column":12},"end":{"line":164,"column":13}},"59":{"start":{"line":152,"column":25},"end":{"line":152,"column":26}},"60":{"start":{"line":153,"column":30},"end":{"line":153,"column":61}},"61":{"start":{"line":156,"column":31},"end":{"line":156,"column":110}},"62":{"start":{"line":156,"column":46},"end":{"line":156,"column":99}},"63":{"start":{"line":158,"column":28},"end":{"line":162,"column":18}},"64":{"start":{"line":163,"column":16},"end":{"line":163,"column":46}},"65":{"start":{"line":166,"column":12},"end":{"line":166,"column":88}},"66":{"start":{"line":169,"column":30},"end":{"line":174,"column":46}},"67":{"start":{"line":176,"column":12},"end":{"line":176,"column":87}},"68":{"start":{"line":178,"column":12},"end":{"line":178,"column":41}},"69":{"start":{"line":181,"column":29},"end":{"line":181,"column":124}},"70":{"start":{"line":182,"column":12},"end":{"line":182,"column":96}},"71":{"start":{"line":184,"column":12},"end":{"line":184,"column":103}},"72":{"start":{"line":186,"column":12},"end":{"line":186,"column":71}},"73":{"start":{"line":187,"column":12},"end":{"line":187,"column":43}},"74":{"start":{"line":188,"column":12},"end":{"line":188,"column":20}},"75":{"start":{"line":190,"column":12},"end":{"line":190,"column":29}},"76":{"start":{"line":199,"column":25},"end":{"line":199,"column":55}},"77":{"start":{"line":200,"column":8},"end":{"line":200,"column":76}},"78":{"start":{"line":200,"column":23},"end":{"line":200,"column":76}},"79":{"start":{"line":203,"column":24},"end":{"line":203,"column":73}},"80":{"start":{"line":204,"column":22},"end":{"line":204,"column":50}},"81":{"start":{"line":206,"column":22},"end":{"line":206,"column":58}},"82":{"start":{"line":207,"column":23},"end":{"line":207,"column":24}},"83":{"start":{"line":208,"column":20},"end":{"line":208,"column":24}},"84":{"start":{"line":210,"column":8},"end":{"line":246,"column":9}},"85":{"start":{"line":212,"column":29},"end":{"line":216,"column":28}},"86":{"start":{"line":218,"column":12},"end":{"line":221,"column":13}},"87":{"start":{"line":220,"column":16},"end":{"line":220,"column":101}},"88":{"start":{"line":223,"column":22},"end":{"line":223,"column":38}},"89":{"start":{"line":226,"column":24},"end":{"line":226,"column":34}},"90":{"start":{"line":227,"column":12},"end":{"line":229,"column":13}},"91":{"start":{"line":228,"column":16},"end":{"line":228,"column":68}},"92":{"start":{"line":230,"column":12},"end":{"line":232,"column":13}},"93":{"start":{"line":231,"column":16},"end":{"line":231,"column":62}},"94":{"start":{"line":235,"column":12},"end":{"line":240,"column":13}},"95":{"start":{"line":236,"column":31},"end":{"line":236,"column":134}},"96":{"start":{"line":237,"column":16},"end":{"line":239,"column":17}},"97":{"start":{"line":238,"column":20},"end":{"line":238,"column":77}},"98":{"start":{"line":243,"column":12},"end":{"line":243,"column":24}},"99":{"start":{"line":244,"column":12},"end":{"line":244,"column":35}},"100":{"start":{"line":245,"column":12},"end":{"line":245,"column":22}},"101":{"start":{"line":248,"column":25},"end":{"line":248,"column":43}},"102":{"start":{"line":251,"column":29},"end":{"line":265,"column":9}},"103":{"start":{"line":252,"column":12},"end":{"line":264,"column":13}},"104":{"start":{"line":253,"column":31},"end":{"line":253,"column":48}},"105":{"start":{"line":254,"column":16},"end":{"line":254,"column":66}},"106":{"start":{"line":254,"column":39},"end":{"line":254,"column":66}},"107":{"start":{"line":255,"column":16},"end":{"line":257,"column":18}},"108":{"start":{"line":256,"column":20},"end":{"line":256,"column":77}},"109":{"start":{"line":260,"column":16},"end":{"line":263,"column":19}},"110":{"start":{"line":261,"column":28},"end":{"line":261,"column":50}},"111":{"start":{"line":261,"column":56},"end":{"line":261,"column":86}},"112":{"start":{"line":262,"column":20},"end":{"line":262,"column":42}},"113":{"start":{"line":267,"column":26},"end":{"line":267,"column":40}},"114":{"start":{"line":268,"column":26},"end":{"line":268,"column":62}},"115":{"start":{"line":270,"column":8},"end":{"line":278,"column":10}},"116":{"start":{"line":286,"column":8},"end":{"line":288,"column":9}},"117":{"start":{"line":287,"column":12},"end":{"line":287,"column":58}},"118":{"start":{"line":290,"column":23},"end":{"line":290,"column":40}},"119":{"start":{"line":291,"column":8},"end":{"line":410,"column":9}},"120":{"start":{"line":292,"column":12},"end":{"line":292,"column":40}},"121":{"start":{"line":294,"column":27},"end":{"line":294,"column":28}},"122":{"start":{"line":295,"column":26},"end":{"line":295,"column":30}},"123":{"start":{"line":296,"column":26},"end":{"line":296,"column":31}},"124":{"start":{"line":299,"column":12},"end":{"line":321,"column":13}},"125":{"start":{"line":300,"column":29},"end":{"line":304,"column":32}},"126":{"start":{"line":306,"column":16},"end":{"line":320,"column":17}},"127":{"start":{"line":307,"column":30},"end":{"line":307,"column":42}},"128":{"start":{"line":309,"column":37},"end":{"line":309,"column":147}},"129":{"start":{"line":310,"column":20},"end":{"line":312,"column":21}},"130":{"start":{"line":311,"column":24},"end":{"line":311,"column":75}},"131":{"start":{"line":314,"column":20},"end":{"line":314,"column":43}},"132":{"start":{"line":315,"column":20},"end":{"line":315,"column":35}},"133":{"start":{"line":316,"column":20},"end":{"line":316,"column":35}},"134":{"start":{"line":319,"column":20},"end":{"line":319,"column":128}},"135":{"start":{"line":326,"column":29},"end":{"line":326,"column":33}},"136":{"start":{"line":328,"column":12},"end":{"line":345,"column":13}},"137":{"start":{"line":329,"column":37},"end":{"line":331,"column":27}},"138":{"start":{"line":333,"column":16},"end":{"line":338,"column":17}},"139":{"start":{"line":334,"column":33},"end":{"line":334,"column":53}},"140":{"start":{"line":335,"column":20},"end":{"line":337,"column":21}},"141":{"start":{"line":336,"column":24},"end":{"line":336,"column":80}},"142":{"start":{"line":340,"column":16},"end":{"line":340,"column":56}},"143":{"start":{"line":344,"column":16},"end":{"line":344,"column":40}},"144":{"start":{"line":348,"column":28},"end":{"line":348,"column":77}},"145":{"start":{"line":349,"column":26},"end":{"line":349,"column":54}},"146":{"start":{"line":350,"column":29},"end":{"line":350,"column":59}},"147":{"start":{"line":353,"column":26},"end":{"line":353,"column":62}},"148":{"start":{"line":354,"column":12},"end":{"line":356,"column":13}},"149":{"start":{"line":355,"column":16},"end":{"line":355,"column":28}},"150":{"start":{"line":358,"column":29},"end":{"line":358,"column":47}},"151":{"start":{"line":361,"column":29},"end":{"line":373,"column":14}},"152":{"start":{"line":374,"column":28},"end":{"line":374,"column":47}},"153":{"start":{"line":377,"column":31},"end":{"line":382,"column":39}},"154":{"start":{"line":384,"column":12},"end":{"line":386,"column":13}},"155":{"start":{"line":385,"column":16},"end":{"line":385,"column":73}},"156":{"start":{"line":388,"column":30},"end":{"line":388,"column":60}},"157":{"start":{"line":388,"column":55},"end":{"line":388,"column":59}},"158":{"start":{"line":391,"column":12},"end":{"line":395,"column":37}},"159":{"start":{"line":397,"column":12},"end":{"line":397,"column":41}},"160":{"start":{"line":399,"column":12},"end":{"line":403,"column":14}},"161":{"start":{"line":400,"column":50},"end":{"line":400,"column":58}},"162":{"start":{"line":406,"column":12},"end":{"line":406,"column":43}},"163":{"start":{"line":407,"column":12},"end":{"line":407,"column":20}},"164":{"start":{"line":409,"column":12},"end":{"line":409,"column":29}},"165":{"start":{"line":413,"column":0},"end":{"line":413,"column":37}}},"fnMap":{"0":{"name":"(anonymous_0)","decl":{"start":{"line":4,"column":4},"end":{"line":4,"column":5}},"loc":{"start":{"line":4,"column":18},"end":{"line":10,"column":5}},"line":4},"1":{"name":"(anonymous_1)","decl":{"start":{"line":19,"column":4},"end":{"line":19,"column":5}},"loc":{"start":{"line":19,"column":22},"end":{"line":22,"column":5}},"line":19},"2":{"name":"(anonymous_2)","decl":{"start":{"line":27,"column":4},"end":{"line":27,"column":5}},"loc":{"start":{"line":27,"column":30},"end":{"line":53,"column":5}},"line":27},"3":{"name":"(anonymous_3)","decl":{"start":{"line":58,"column":4},"end":{"line":58,"column":5}},"loc":{"start":{"line":58,"column":33},"end":{"line":65,"column":5}},"line":58},"4":{"name":"(anonymous_4)","decl":{"start":{"line":73,"column":4},"end":{"line":73,"column":5}},"loc":{"start":{"line":73,"column":33},"end":{"line":95,"column":5}},"line":73},"5":{"name":"(anonymous_5)","decl":{"start":{"line":100,"column":4},"end":{"line":100,"column":5}},"loc":{"start":{"line":100,"column":26},"end":{"line":109,"column":5}},"line":100},"6":{"name":"(anonymous_6)","decl":{"start":{"line":116,"column":4},"end":{"line":116,"column":5}},"loc":{"start":{"line":116,"column":38},"end":{"line":192,"column":5}},"line":116},"7":{"name":"(anonymous_7)","decl":{"start":{"line":135,"column":58},"end":{"line":135,"column":59}},"loc":{"start":{"line":135,"column":68},"end":{"line":135,"column":80}},"line":135},"8":{"name":"(anonymous_8)","decl":{"start":{"line":156,"column":41},"end":{"line":156,"column":42}},"loc":{"start":{"line":156,"column":46},"end":{"line":156,"column":99}},"line":156},"9":{"name":"(anonymous_9)","decl":{"start":{"line":198,"column":4},"end":{"line":198,"column":5}},"loc":{"start":{"line":198,"column":40},"end":{"line":279,"column":5}},"line":198},"10":{"name":"(anonymous_10)","decl":{"start":{"line":251,"column":29},"end":{"line":251,"column":30}},"loc":{"start":{"line":251,"column":35},"end":{"line":265,"column":9}},"line":251},"11":{"name":"(anonymous_11)","decl":{"start":{"line":255,"column":78},"end":{"line":255,"column":79}},"loc":{"start":{"line":256,"column":20},"end":{"line":256,"column":77}},"line":256},"12":{"name":"(anonymous_12)","decl":{"start":{"line":260,"column":79},"end":{"line":260,"column":80}},"loc":{"start":{"line":260,"column":92},"end":{"line":263,"column":17}},"line":260},"13":{"name":"(anonymous_13)","decl":{"start":{"line":285,"column":4},"end":{"line":285,"column":5}},"loc":{"start":{"line":285,"column":87},"end":{"line":411,"column":5}},"line":285},"14":{"name":"(anonymous_14)","decl":{"start":{"line":388,"column":50},"end":{"line":388,"column":51}},"loc":{"start":{"line":388,"column":55},"end":{"line":388,"column":59}},"line":388},"15":{"name":"(anonymous_15)","decl":{"start":{"line":400,"column":45},"end":{"line":400,"column":46}},"loc":{"start":{"line":400,"column":50},"end":{"line":400,"column":58}},"line":400}},"branchMap":{"0":{"loc":{"start":{"line":29,"column":8},"end":{"line":31,"column":9}},"type":"if","locations":[{"start":{"line":29,"column":8},"end":{"line":31,"column":9}},{"start":{},"end":{}}],"line":29},"1":{"loc":{"start":{"line":29,"column":12},"end":{"line":29,"column":75}},"type":"binary-expr","locations":[{"start":{"line":29,"column":12},"end":{"line":29,"column":36}},{"start":{"line":29,"column":40},"end":{"line":29,"column":75}}],"line":29},"2":{"loc":{"start":{"line":43,"column":8},"end":{"line":50,"column":9}},"type":"if","locations":[{"start":{"line":43,"column":8},"end":{"line":50,"column":9}},{"start":{"line":46,"column":15},"end":{"line":50,"column":9}}],"line":43},"3":{"loc":{"start":{"line":64,"column":15},"end":{"line":64,"column":34}},"type":"binary-expr","locations":[{"start":{"line":64,"column":15},"end":{"line":64,"column":26}},{"start":{"line":64,"column":30},"end":{"line":64,"column":34}}],"line":64},"4":{"loc":{"start":{"line":82,"column":8},"end":{"line":84,"column":9}},"type":"if","locations":[{"start":{"line":82,"column":8},"end":{"line":84,"column":9}},{"start":{},"end":{}}],"line":82},"5":{"loc":{"start":{"line":90,"column":8},"end":{"line":92,"column":9}},"type":"if","locations":[{"start":{"line":90,"column":8},"end":{"line":92,"column":9}},{"start":{},"end":{}}],"line":90},"6":{"loc":{"start":{"line":124,"column":59},"end":{"line":124,"column":138}},"type":"cond-expr","locations":[{"start":{"line":124,"column":66},"end":{"line":124,"column":124}},{"start":{"line":124,"column":127},"end":{"line":124,"column":138}}],"line":124},"7":{"loc":{"start":{"line":126,"column":12},"end":{"line":126,"column":61}},"type":"if","locations":[{"start":{"line":126,"column":12},"end":{"line":126,"column":61}},{"start":{},"end":{}}],"line":126},"8":{"loc":{"start":{"line":149,"column":33},"end":{"line":149,"column":56}},"type":"binary-expr","locations":[{"start":{"line":149,"column":33},"end":{"line":149,"column":51}},{"start":{"line":149,"column":55},"end":{"line":149,"column":56}}],"line":149},"9":{"loc":{"start":{"line":200,"column":8},"end":{"line":200,"column":76}},"type":"if","locations":[{"start":{"line":200,"column":8},"end":{"line":200,"column":76}},{"start":{},"end":{}}],"line":200},"10":{"loc":{"start":{"line":206,"column":22},"end":{"line":206,"column":58}},"type":"binary-expr","locations":[{"start":{"line":206,"column":22},"end":{"line":206,"column":53}},{"start":{"line":206,"column":57},"end":{"line":206,"column":58}}],"line":206},"11":{"loc":{"start":{"line":210,"column":8},"end":{"line":246,"column":9}},"type":"if","locations":[{"start":{"line":210,"column":8},"end":{"line":246,"column":9}},{"start":{},"end":{}}],"line":210},"12":{"loc":{"start":{"line":218,"column":12},"end":{"line":221,"column":13}},"type":"if","locations":[{"start":{"line":218,"column":12},"end":{"line":221,"column":13}},{"start":{},"end":{}}],"line":218},"13":{"loc":{"start":{"line":227,"column":12},"end":{"line":229,"column":13}},"type":"if","locations":[{"start":{"line":227,"column":12},"end":{"line":229,"column":13}},{"start":{},"end":{}}],"line":227},"14":{"loc":{"start":{"line":227,"column":16},"end":{"line":227,"column":58}},"type":"binary-expr","locations":[{"start":{"line":227,"column":16},"end":{"line":227,"column":27}},{"start":{"line":227,"column":31},"end":{"line":227,"column":58}}],"line":227},"15":{"loc":{"start":{"line":230,"column":12},"end":{"line":232,"column":13}},"type":"if","locations":[{"start":{"line":230,"column":12},"end":{"line":232,"column":13}},{"start":{},"end":{}}],"line":230},"16":{"loc":{"start":{"line":230,"column":16},"end":{"line":230,"column":54}},"type":"binary-expr","locations":[{"start":{"line":230,"column":16},"end":{"line":230,"column":25}},{"start":{"line":230,"column":29},"end":{"line":230,"column":54}}],"line":230},"17":{"loc":{"start":{"line":235,"column":12},"end":{"line":240,"column":13}},"type":"if","locations":[{"start":{"line":235,"column":12},"end":{"line":240,"column":13}},{"start":{},"end":{}}],"line":235},"18":{"loc":{"start":{"line":237,"column":16},"end":{"line":239,"column":17}},"type":"if","locations":[{"start":{"line":237,"column":16},"end":{"line":239,"column":17}},{"start":{},"end":{}}],"line":237},"19":{"loc":{"start":{"line":254,"column":16},"end":{"line":254,"column":66}},"type":"if","locations":[{"start":{"line":254,"column":16},"end":{"line":254,"column":66}},{"start":{},"end":{}}],"line":254},"20":{"loc":{"start":{"line":261,"column":56},"end":{"line":261,"column":86}},"type":"cond-expr","locations":[{"start":{"line":261,"column":67},"end":{"line":261,"column":68}},{"start":{"line":261,"column":72},"end":{"line":261,"column":85}}],"line":261},"21":{"loc":{"start":{"line":286,"column":8},"end":{"line":288,"column":9}},"type":"if","locations":[{"start":{"line":286,"column":8},"end":{"line":288,"column":9}},{"start":{},"end":{}}],"line":286},"22":{"loc":{"start":{"line":299,"column":12},"end":{"line":321,"column":13}},"type":"if","locations":[{"start":{"line":299,"column":12},"end":{"line":321,"column":13}},{"start":{},"end":{}}],"line":299},"23":{"loc":{"start":{"line":306,"column":16},"end":{"line":320,"column":17}},"type":"if","locations":[{"start":{"line":306,"column":16},"end":{"line":320,"column":17}},{"start":{},"end":{}}],"line":306},"24":{"loc":{"start":{"line":310,"column":20},"end":{"line":312,"column":21}},"type":"if","locations":[{"start":{"line":310,"column":20},"end":{"line":312,"column":21}},{"start":{},"end":{}}],"line":310},"25":{"loc":{"start":{"line":328,"column":12},"end":{"line":345,"column":13}},"type":"if","locations":[{"start":{"line":328,"column":12},"end":{"line":345,"column":13}},{"start":{"line":341,"column":19},"end":{"line":345,"column":13}}],"line":328},"26":{"loc":{"start":{"line":333,"column":16},"end":{"line":338,"column":17}},"type":"if","locations":[{"start":{"line":333,"column":16},"end":{"line":338,"column":17}},{"start":{},"end":{}}],"line":333},"27":{"loc":{"start":{"line":335,"column":20},"end":{"line":337,"column":21}},"type":"if","locations":[{"start":{"line":335,"column":20},"end":{"line":337,"column":21}},{"start":{},"end":{}}],"line":335},"28":{"loc":{"start":{"line":353,"column":26},"end":{"line":353,"column":62}},"type":"binary-expr","locations":[{"start":{"line":353,"column":26},"end":{"line":353,"column":57}},{"start":{"line":353,"column":61},"end":{"line":353,"column":62}}],"line":353},"29":{"loc":{"start":{"line":354,"column":12},"end":{"line":356,"column":13}},"type":"if","locations":[{"start":{"line":354,"column":12},"end":{"line":356,"column":13}},{"start":{},"end":{}}],"line":354},"30":{"loc":{"start":{"line":368,"column":16},"end":{"line":368,"column":44}},"type":"cond-expr","locations":[{"start":{"line":368,"column":26},"end":{"line":368,"column":33}},{"start":{"line":368,"column":36},"end":{"line":368,"column":44}}],"line":368},"31":{"loc":{"start":{"line":384,"column":12},"end":{"line":386,"column":13}},"type":"if","locations":[{"start":{"line":384,"column":12},"end":{"line":386,"column":13}},{"start":{},"end":{}}],"line":384},"32":{"loc":{"start":{"line":401,"column":32},"end":{"line":401,"column":50}},"type":"binary-expr","locations":[{"start":{"line":401,"column":32},"end":{"line":401,"column":42}},{"start":{"line":401,"column":46},"end":{"line":401,"column":50}}],"line":401}},"s":{"0":1,"1":1,"2":0,"3":0,"4":3,"5":3,"6":1,"7":2,"8":2,"9":2,"10":2,"11":2,"12":0,"13":0,"14":2,"15":0,"16":0,"17":0,"18":0,"19":0,"20":0,"21":0,"22":0,"23":0,"24":0,"25":0,"26":0,"27":0,"28":0,"29":0,"30":0,"31":0,"32":0,"33":0,"34":1,"35":1,"36":1,"37":1,"38":1,"39":1,"40":1,"41":1,"42":0,"43":1,"44":1,"45":1,"46":1,"47":1,"48":10,"49":1,"50":1,"51":9,"52":9,"53":1,"54":1,"55":1,"56":1,"57":1,"58":1,"59":1,"60":1,"61":1,"62":10,"63":1,"64":1,"65":1,"66":1,"67":1,"68":1,"69":1,"70":1,"71":1,"72":0,"73":0,"74":0,"75":1,"76":0,"77":0,"78":0,"79":0,"80":0,"81":0,"82":0,"83":0,"84":0,"85":0,"86":0,"87":0,"88":0,"89":0,"90":0,"91":0,"92":0,"93":0,"94":0,"95":0,"96":0,"97":0,"98":0,"99":0,"100":0,"101":0,"102":0,"103":0,"104":0,"105":0,"106":0,"107":0,"108":0,"109":0,"110":0,"111":0,"112":0,"113":0,"114":0,"115":0,"116":2,"117":0,"118":2,"119":2,"120":2,"121":2,"122":2,"123":2,"124":2,"125":0,"126":0,"127":0,"128":0,"129":0,"130":0,"131":0,"132":0,"133":0,"134":0,"135":2,"136":2,"137":2,"138":1,"139":0,"140":0,"141":0,"142":1,"143":0,"144":1,"145":1,"146":1,"147":1,"148":1,"149":0,"150":1,"151":1,"152":1,"153":1,"154":1,"155":0,"156":1,"157":1,"158":1,"159":1,"160":1,"161":1,"162":1,"163":1,"164":2,"165":1},"f":{"0":1,"1":0,"2":3,"3":0,"4":0,"5":0,"6":1,"7":10,"8":10,"9":0,"10":0,"11":0,"12":0,"13":2,"14":1,"15":1},"b":{"0":[1,2],"1":[3,2],"2":[2,0],"3":[0,0],"4":[0,0],"5":[0,0],"6":[1,0],"7":[0,1],"8":[1,1],"9":[0,0],"10":[0,0],"11":[0,0],"12":[0,0],"13":[0,0],"14":[0,0],"15":[0,0],"16":[0,0],"17":[0,0],"18":[0,0],"19":[0,0],"20":[0,0],"21":[0,2],"22":[0,2],"23":[0,0],"24":[0,0],"25":[2,0],"26":[0,1],"27":[0,0],"28":[1,1],"29":[0,1],"30":[0,1],"31":[0,1],"32":[1,0]},"_coverageSchema":"1a1c01bbd47fc00a2c39e90264f33305004495a9","hash":"b8e28be367cf029b30ae94031cda60c4a780a58e"}
,"C:\\Users\\Isaqu\\sorteio\\src\\utils\\http.js": {"path":"C:\\Users\\Isaqu\\sorteio\\src\\utils\\http.js","statementMap":{"0":{"start":{"line":11,"column":23},"end":{"line":33,"column":1}},"1":{"start":{"line":12,"column":13},"end":{"line":12,"column":78}},"2":{"start":{"line":16,"column":4},"end":{"line":18,"column":5}},"3":{"start":{"line":17,"column":8},"end":{"line":17,"column":37}},"4":{"start":{"line":21,"column":4},"end":{"line":21,"column":20}},"5":{"start":{"line":24,"column":4},"end":{"line":26,"column":5}},"6":{"start":{"line":25,"column":8},"end":{"line":25,"column":33}},"7":{"start":{"line":28,"column":4},"end":{"line":32,"column":6}},"8":{"start":{"line":35,"column":0},"end":{"line":37,"column":2}}},"fnMap":{"0":{"name":"(anonymous_0)","decl":{"start":{"line":11,"column":23},"end":{"line":11,"column":24}},"loc":{"start":{"line":11,"column":32},"end":{"line":33,"column":1}},"line":11}},"branchMap":{"0":{"loc":{"start":{"line":12,"column":13},"end":{"line":12,"column":78}},"type":"binary-expr","locations":[{"start":{"line":12,"column":13},"end":{"line":12,"column":43}},{"start":{"line":12,"column":47},"end":{"line":12,"column":72}},{"start":{"line":12,"column":76},"end":{"line":12,"column":78}}],"line":12},"1":{"loc":{"start":{"line":16,"column":4},"end":{"line":18,"column":5}},"type":"if","locations":[{"start":{"line":16,"column":4},"end":{"line":18,"column":5}},{"start":{},"end":{}}],"line":16},"2":{"loc":{"start":{"line":16,"column":8},"end":{"line":16,"column":60}},"type":"binary-expr","locations":[{"start":{"line":16,"column":8},"end":{"line":16,"column":10}},{"start":{"line":16,"column":14},"end":{"line":16,"column":36}},{"start":{"line":16,"column":40},"end":{"line":16,"column":60}}],"line":16},"3":{"loc":{"start":{"line":24,"column":4},"end":{"line":26,"column":5}},"type":"if","locations":[{"start":{"line":24,"column":4},"end":{"line":26,"column":5}},{"start":{},"end":{}}],"line":24},"4":{"loc":{"start":{"line":30,"column":12},"end":{"line":30,"column":43}},"type":"binary-expr","locations":[{"start":{"line":30,"column":12},"end":{"line":30,"column":37}},{"start":{"line":30,"column":41},"end":{"line":30,"column":43}}],"line":30},"5":{"loc":{"start":{"line":31,"column":18},"end":{"line":31,"column":75}},"type":"binary-expr","locations":[{"start":{"line":31,"column":18},"end":{"line":31,"column":44}},{"start":{"line":31,"column":48},"end":{"line":31,"column":67}},{"start":{"line":31,"column":71},"end":{"line":31,"column":75}}],"line":31}},"s":{"0":1,"1":3,"2":3,"3":1,"4":3,"5":3,"6":1,"7":3,"8":1},"f":{"0":3},"b":{"0":[3,1,1],"1":[1,2],"2":[3,2,2],"3":[1,2],"4":[3,2],"5":[3,3,3]},"_coverageSchema":"1a1c01bbd47fc00a2c39e90264f33305004495a9","hash":"1b7bb204344c8fee64b04404645b601f8094443e"}
,"C:\\Users\\Isaqu\\sorteio\\src\\validators\\index.js": {"path":"C:\\Users\\Isaqu\\sorteio\\src\\validators\\index.js","statementMap":{"0":{"start":{"line":5,"column":12},"end":{"line":5,"column":26}},"1":{"start":{"line":9,"column":20},"end":{"line":24,"column":6}},"2":{"start":{"line":11,"column":8},"end":{"line":11,"column":33}},"3":{"start":{"line":11,"column":20},"end":{"line":11,"column":33}},"4":{"start":{"line":13,"column":22},"end":{"line":13,"column":46}},"5":{"start":{"line":15,"column":8},"end":{"line":17,"column":9}},"6":{"start":{"line":16,"column":12},"end":{"line":16,"column":56}},"7":{"start":{"line":18,"column":8},"end":{"line":18,"column":21}},"8":{"start":{"line":27,"column":19},"end":{"line":37,"column":6}},"9":{"start":{"line":40,"column":20},"end":{"line":45,"column":6}},"10":{"start":{"line":48,"column":23},"end":{"line":50,"column":15}},"11":{"start":{"line":53,"column":22},"end":{"line":59,"column":6}},"12":{"start":{"line":62,"column":16},"end":{"line":85,"column":1}},"13":{"start":{"line":93,"column":4},"end":{"line":118,"column":6}},"14":{"start":{"line":94,"column":23},"end":{"line":94,"column":42}},"15":{"start":{"line":95,"column":8},"end":{"line":97,"column":9}},"16":{"start":{"line":96,"column":12},"end":{"line":96,"column":71}},"17":{"start":{"line":99,"column":31},"end":{"line":99,"column":42}},"18":{"start":{"line":100,"column":33},"end":{"line":103,"column":10}},"19":{"start":{"line":105,"column":8},"end":{"line":113,"column":9}},"20":{"start":{"line":106,"column":29},"end":{"line":106,"column":62}},"21":{"start":{"line":106,"column":52},"end":{"line":106,"column":61}},"22":{"start":{"line":107,"column":12},"end":{"line":107,"column":57}},"23":{"start":{"line":108,"column":12},"end":{"line":112,"column":15}},"24":{"start":{"line":116,"column":8},"end":{"line":116,"column":28}},"25":{"start":{"line":117,"column":8},"end":{"line":117,"column":15}},"26":{"start":{"line":121,"column":0},"end":{"line":127,"column":2}}},"fnMap":{"0":{"name":"(anonymous_0)","decl":{"start":{"line":10,"column":12},"end":{"line":10,"column":13}},"loc":{"start":{"line":10,"column":32},"end":{"line":19,"column":5}},"line":10},"1":{"name":"validate","decl":{"start":{"line":92,"column":9},"end":{"line":92,"column":17}},"loc":{"start":{"line":92,"column":47},"end":{"line":119,"column":1}},"line":92},"2":{"name":"(anonymous_2)","decl":{"start":{"line":93,"column":11},"end":{"line":93,"column":12}},"loc":{"start":{"line":93,"column":31},"end":{"line":118,"column":5}},"line":93},"3":{"name":"(anonymous_3)","decl":{"start":{"line":106,"column":47},"end":{"line":106,"column":48}},"loc":{"start":{"line":106,"column":52},"end":{"line":106,"column":61}},"line":106}},"branchMap":{"0":{"loc":{"start":{"line":11,"column":8},"end":{"line":11,"column":33}},"type":"if","locations":[{"start":{"line":11,"column":8},"end":{"line":11,"column":33}},{"start":{},"end":{}}],"line":11},"1":{"loc":{"start":{"line":15,"column":8},"end":{"line":17,"column":9}},"type":"if","locations":[{"start":{"line":15,"column":8},"end":{"line":17,"column":9}},{"start":{},"end":{}}],"line":15},"2":{"loc":{"start":{"line":92,"column":30},"end":{"line":92,"column":45}},"type":"default-arg","locations":[{"start":{"line":92,"column":39},"end":{"line":92,"column":45}}],"line":92},"3":{"loc":{"start":{"line":95,"column":8},"end":{"line":97,"column":9}},"type":"if","locations":[{"start":{"line":95,"column":8},"end":{"line":97,"column":9}},{"start":{},"end":{}}],"line":95},"4":{"loc":{"start":{"line":105,"column":8},"end":{"line":113,"column":9}},"type":"if","locations":[{"start":{"line":105,"column":8},"end":{"line":113,"column":9}},{"start":{},"end":{}}],"line":105}},"s":{"0":1,"1":1,"2":10,"3":0,"4":10,"5":10,"6":2,"7":8,"8":1,"9":1,"10":1,"11":1,"12":1,"13":1,"14":0,"15":0,"16":0,"17":0,"18":0,"19":0,"20":0,"21":0,"22":0,"23":0,"24":0,"25":0,"26":1},"f":{"0":10,"1":1,"2":0,"3":0},"b":{"0":[0,10],"1":[2,8],"2":[0],"3":[0,0],"4":[0,0]},"_coverageSchema":"1a1c01bbd47fc00a2c39e90264f33305004495a9","hash":"7d46de29b35783788e681a9b2a99aba045df322a"}
,"C:\\Users\\Isaqu\\sorteio\\src\\validators\\orderSchema.js": {"path":"C:\\Users\\Isaqu\\sorteio\\src\\validators\\orderSchema.js","statementMap":{"0":{"start":{"line":1,"column":12},"end":{"line":1,"column":26}},"1":{"start":{"line":3,"column":26},"end":{"line":41,"column":34}},"2":{"start":{"line":6,"column":22},"end":{"line":6,"column":38}},"3":{"start":{"line":7,"column":8},"end":{"line":9,"column":9}},"4":{"start":{"line":8,"column":12},"end":{"line":8,"column":91}},"5":{"start":{"line":11,"column":21},"end":{"line":11,"column":29}},"6":{"start":{"line":12,"column":22},"end":{"line":12,"column":30}},"7":{"start":{"line":14,"column":8},"end":{"line":16,"column":9}},"8":{"start":{"line":15,"column":12},"end":{"line":15,"column":68}},"9":{"start":{"line":19,"column":8},"end":{"line":21,"column":9}},"10":{"start":{"line":20,"column":12},"end":{"line":20,"column":79}},"11":{"start":{"line":23,"column":8},"end":{"line":23,"column":21}},"12":{"start":{"line":43,"column":0},"end":{"line":43,"column":39}}},"fnMap":{"0":{"name":"(anonymous_0)","decl":{"start":{"line":5,"column":46},"end":{"line":5,"column":47}},"loc":{"start":{"line":5,"column":66},"end":{"line":24,"column":5}},"line":5}},"branchMap":{"0":{"loc":{"start":{"line":7,"column":8},"end":{"line":9,"column":9}},"type":"if","locations":[{"start":{"line":7,"column":8},"end":{"line":9,"column":9}},{"start":{},"end":{}}],"line":7},"1":{"loc":{"start":{"line":14,"column":8},"end":{"line":16,"column":9}},"type":"if","locations":[{"start":{"line":14,"column":8},"end":{"line":16,"column":9}},{"start":{},"end":{}}],"line":14},"2":{"loc":{"start":{"line":19,"column":8},"end":{"line":21,"column":9}},"type":"if","locations":[{"start":{"line":19,"column":8},"end":{"line":21,"column":9}},{"start":{},"end":{}}],"line":19}},"s":{"0":1,"1":1,"2":6,"3":6,"4":1,"5":5,"6":5,"7":5,"8":0,"9":5,"10":2,"11":3,"12":1},"f":{"0":6},"b":{"0":[1,5],"1":[0,5],"2":[2,3]},"_coverageSchema":"1a1c01bbd47fc00a2c39e90264f33305004495a9","hash":"1eef85e4bcf833758d98e532dd5a1cb81773f058"}
}
