TN:
SF:src\config\index.js
FN:13,(anonymous_0)
FN:16,(anonymous_1)
FNF:2
FNH:1
FNDA:4,(anonymous_0)
FNDA:0,(anonymous_1)
DA:5,2
DA:8,2
DA:13,4
DA:14,2
DA:15,0
DA:16,0
DA:17,0
DA:20,2
LF:8
LH:5
BRDA:14,0,0,0
BRDA:14,0,1,2
BRDA:22,1,0,2
BRDA:22,1,1,0
BRDA:23,2,0,2
BRDA:23,2,1,0
BRDA:39,3,0,2
BRDA:39,3,1,2
BRDA:46,4,0,2
BRDA:46,4,1,0
BRF:10
BRH:6
end_of_record
TN:
SF:src\middleware\errorHandler.js
FN:12,(anonymous_0)
FN:26,(anonymous_1)
FN:27,(anonymous_2)
FN:28,(anonymous_3)
FN:29,(anonymous_4)
FN:30,(anonymous_5)
FN:31,(anonymous_6)
FN:32,(anonymous_7)
FN:39,(anonymous_8)
FN:45,(anonymous_9)
FN:51,(anonymous_10)
FN:66,errorHandler
FN:98,asyncHandler
FN:99,(anonymous_13)
FN:107,notFoundHandler
FNF:15
FNH:9
FNDA:8,(anonymous_0)
FNDA:1,(anonymous_1)
FNDA:1,(anonymous_2)
FNDA:1,(anonymous_3)
FNDA:0,(anonymous_4)
FNDA:0,(anonymous_5)
FNDA:1,(anonymous_6)
FNDA:1,(anonymous_7)
FNDA:2,(anonymous_8)
FNDA:2,(anonymous_9)
FNDA:1,(anonymous_10)
FNDA:0,errorHandler
FNDA:0,asyncHandler
FNDA:0,(anonymous_13)
FNDA:0,notFoundHandler
DA:13,8
DA:14,8
DA:15,8
DA:16,8
DA:18,8
DA:25,1
DA:26,1
DA:27,1
DA:28,1
DA:29,0
DA:30,0
DA:31,1
DA:32,1
DA:38,1
DA:39,2
DA:45,2
DA:51,1
DA:68,0
DA:69,0
DA:72,0
DA:74,0
DA:77,0
DA:87,0
DA:99,0
DA:100,0
DA:108,0
DA:111,1
LF:27
LH:16
BRDA:12,0,0,1
BRDA:12,1,0,6
BRDA:28,2,0,1
BRDA:29,3,0,0
BRDA:32,4,0,1
BRDA:39,5,0,1
BRDA:42,6,0,2
BRDA:42,6,1,1
BRDA:45,7,0,1
BRDA:47,8,0,2
BRDA:47,8,1,0
BRDA:48,9,0,2
BRDA:48,9,1,1
BRDA:68,10,0,0
BRDA:68,10,1,0
BRDA:69,11,0,0
BRDA:69,11,1,0
BRDA:72,12,0,0
BRDA:72,12,1,0
BRDA:89,13,0,0
BRDA:89,13,1,0
BRDA:90,14,0,0
BRDA:90,14,1,0
BRF:23
BRH:11
end_of_record
TN:
SF:src\services\AmigosService.js
FN:4,(anonymous_0)
FN:19,(anonymous_1)
FN:27,(anonymous_2)
FN:58,(anonymous_3)
FN:73,(anonymous_4)
FN:100,(anonymous_5)
FN:116,(anonymous_6)
FN:135,(anonymous_7)
FN:156,(anonymous_8)
FN:198,(anonymous_9)
FN:251,(anonymous_10)
FN:255,(anonymous_11)
FN:260,(anonymous_12)
FN:285,(anonymous_13)
FN:388,(anonymous_14)
FN:400,(anonymous_15)
FNF:16
FNH:8
FNDA:1,(anonymous_0)
FNDA:0,(anonymous_1)
FNDA:3,(anonymous_2)
FNDA:0,(anonymous_3)
FNDA:0,(anonymous_4)
FNDA:0,(anonymous_5)
FNDA:1,(anonymous_6)
FNDA:10,(anonymous_7)
FNDA:10,(anonymous_8)
FNDA:0,(anonymous_9)
FNDA:0,(anonymous_10)
FNDA:0,(anonymous_11)
FNDA:0,(anonymous_12)
FNDA:2,(anonymous_13)
FNDA:1,(anonymous_14)
FNDA:1,(anonymous_15)
DA:1,1
DA:6,1
DA:20,0
DA:21,0
DA:28,3
DA:29,3
DA:30,1
DA:33,2
DA:40,2
DA:43,2
DA:44,2
DA:45,2
DA:48,0
DA:49,0
DA:52,2
DA:59,0
DA:64,0
DA:75,0
DA:82,0
DA:83,0
DA:86,0
DA:87,0
DA:88,0
DA:90,0
DA:91,0
DA:94,0
DA:101,0
DA:102,0
DA:103,0
DA:104,0
DA:105,0
DA:106,0
DA:107,0
DA:108,0
DA:117,1
DA:118,1
DA:119,1
DA:120,1
DA:122,1
DA:123,1
DA:124,1
DA:126,1
DA:128,1
DA:129,1
DA:130,1
DA:132,1
DA:135,10
DA:138,1
DA:139,9
DA:140,9
DA:143,1
DA:146,1
DA:147,1
DA:149,1
DA:150,1
DA:152,1
DA:153,1
DA:156,10
DA:158,1
DA:163,1
DA:166,1
DA:169,1
DA:176,1
DA:178,1
DA:181,1
DA:182,1
DA:184,1
DA:186,0
DA:187,0
DA:188,0
DA:190,1
DA:199,0
DA:200,0
DA:203,0
DA:204,0
DA:206,0
DA:207,0
DA:208,0
DA:210,0
DA:212,0
DA:218,0
DA:220,0
DA:223,0
DA:226,0
DA:227,0
DA:228,0
DA:230,0
DA:231,0
DA:235,0
DA:236,0
DA:237,0
DA:238,0
DA:243,0
DA:244,0
DA:245,0
DA:248,0
DA:251,0
DA:252,0
DA:253,0
DA:254,0
DA:255,0
DA:256,0
DA:260,0
DA:261,0
DA:262,0
DA:267,0
DA:268,0
DA:270,0
DA:286,2
DA:287,0
DA:290,2
DA:291,2
DA:292,2
DA:294,2
DA:295,2
DA:296,2
DA:299,2
DA:300,0
DA:306,0
DA:307,0
DA:309,0
DA:310,0
DA:311,0
DA:314,0
DA:315,0
DA:316,0
DA:319,0
DA:326,2
DA:328,2
DA:329,2
DA:333,1
DA:334,0
DA:335,0
DA:336,0
DA:340,1
DA:344,0
DA:348,1
DA:349,1
DA:350,1
DA:353,1
DA:354,1
DA:355,0
DA:358,1
DA:361,1
DA:374,1
DA:377,1
DA:384,1
DA:385,0
DA:388,1
DA:391,1
DA:397,1
DA:399,1
DA:400,1
DA:406,1
DA:407,1
DA:409,2
DA:413,1
LF:157
LH:77
BRDA:29,0,0,1
BRDA:29,0,1,2
BRDA:29,1,0,3
BRDA:29,1,1,2
BRDA:43,2,0,2
BRDA:43,2,1,0
BRDA:64,3,0,0
BRDA:64,3,1,0
BRDA:82,4,0,0
BRDA:82,4,1,0
BRDA:90,5,0,0
BRDA:90,5,1,0
BRDA:124,6,0,1
BRDA:124,6,1,0
BRDA:126,7,0,0
BRDA:126,7,1,1
BRDA:149,8,0,1
BRDA:149,8,1,1
BRDA:200,9,0,0
BRDA:200,9,1,0
BRDA:206,10,0,0
BRDA:206,10,1,0
BRDA:210,11,0,0
BRDA:210,11,1,0
BRDA:218,12,0,0
BRDA:218,12,1,0
BRDA:227,13,0,0
BRDA:227,13,1,0
BRDA:227,14,0,0
BRDA:227,14,1,0
BRDA:230,15,0,0
BRDA:230,15,1,0
BRDA:230,16,0,0
BRDA:230,16,1,0
BRDA:235,17,0,0
BRDA:235,17,1,0
BRDA:237,18,0,0
BRDA:237,18,1,0
BRDA:254,19,0,0
BRDA:254,19,1,0
BRDA:261,20,0,0
BRDA:261,20,1,0
BRDA:286,21,0,0
BRDA:286,21,1,2
BRDA:299,22,0,0
BRDA:299,22,1,2
BRDA:306,23,0,0
BRDA:306,23,1,0
BRDA:310,24,0,0
BRDA:310,24,1,0
BRDA:328,25,0,2
BRDA:328,25,1,0
BRDA:333,26,0,0
BRDA:333,26,1,1
BRDA:335,27,0,0
BRDA:335,27,1,0
BRDA:353,28,0,1
BRDA:353,28,1,1
BRDA:354,29,0,0
BRDA:354,29,1,1
BRDA:368,30,0,0
BRDA:368,30,1,1
BRDA:384,31,0,0
BRDA:384,31,1,1
BRDA:401,32,0,1
BRDA:401,32,1,0
BRF:66
BRH:19
end_of_record
TN:
SF:src\utils\http.js
FN:11,(anonymous_0)
FNF:1
FNH:1
FNDA:3,(anonymous_0)
DA:11,1
DA:12,3
DA:16,3
DA:17,1
DA:21,3
DA:24,3
DA:25,1
DA:28,3
DA:35,1
LF:9
LH:9
BRDA:12,0,0,3
BRDA:12,0,1,1
BRDA:12,0,2,1
BRDA:16,1,0,1
BRDA:16,1,1,2
BRDA:16,2,0,3
BRDA:16,2,1,2
BRDA:16,2,2,2
BRDA:24,3,0,1
BRDA:24,3,1,2
BRDA:30,4,0,3
BRDA:30,4,1,2
BRDA:31,5,0,3
BRDA:31,5,1,3
BRDA:31,5,2,3
BRF:15
BRH:15
end_of_record
TN:
SF:src\validators\index.js
FN:10,(anonymous_0)
FN:92,validate
FN:93,(anonymous_2)
FN:106,(anonymous_3)
FNF:4
FNH:2
FNDA:10,(anonymous_0)
FNDA:1,validate
FNDA:0,(anonymous_2)
FNDA:0,(anonymous_3)
DA:5,1
DA:9,1
DA:11,10
DA:13,10
DA:15,10
DA:16,2
DA:18,8
DA:27,1
DA:40,1
DA:48,1
DA:53,1
DA:62,1
DA:93,1
DA:94,0
DA:95,0
DA:96,0
DA:99,0
DA:100,0
DA:105,0
DA:106,0
DA:107,0
DA:108,0
DA:116,0
DA:117,0
DA:121,1
LF:25
LH:14
BRDA:11,0,0,0
BRDA:11,0,1,10
BRDA:15,1,0,2
BRDA:15,1,1,8
BRDA:92,2,0,0
BRDA:95,3,0,0
BRDA:95,3,1,0
BRDA:105,4,0,0
BRDA:105,4,1,0
BRF:9
BRH:3
end_of_record
TN:
SF:src\validators\orderSchema.js
FN:5,(anonymous_0)
FNF:1
FNH:1
FNDA:6,(anonymous_0)
DA:1,1
DA:3,1
DA:6,6
DA:7,6
DA:8,1
DA:11,5
DA:12,5
DA:14,5
DA:15,0
DA:19,5
DA:20,2
DA:23,3
DA:43,1
LF:13
LH:12
BRDA:7,0,0,1
BRDA:7,0,1,5
BRDA:14,1,0,0
BRDA:14,1,1,5
BRDA:19,2,0,2
BRDA:19,2,1,3
BRF:6
BRH:5
end_of_record
